
SQL*Loader: Release 12.1.0.1.0 - Production on Mon Dec 27 23:46:24 2021

Copyright (c) 1982, 2013, Oracle and/or its affiliates.  All rights reserved.

Control File:   control.ctl
Data File:      data.txt
  Bad File:     data.bad
  Discard File:  none specified
 
 (Allow all discards)

Number to load: ALL
Number to skip: 0
Errors allowed: 50
Bind array:     64 rows, maximum of 256000 bytes
Continuation:    none specified
Path used:      Conventional

Table LOAD3, loaded when T2 = 0X646563(character 'dec')
Insert option in effect for this table: REPLACE

   Column Name                  Position   Len  Term Encl Datatype
------------------------------ ---------- ----- ---- ---- ---------------------
T1                                  FIRST     *   ;  O(") CHARACTER            
T2                                   NEXT     *   ;  O(") CHARACTER            
    SQL string for column : "upper(:t2)"
T3                                   NEXT     *   ;  O(") CHARACTER            

Record 1: Discarded - failed all WHEN clauses.
Record 3: Discarded - failed all WHEN clauses.
Record 4: Discarded - failed all WHEN clauses.
Record 6: Discarded - failed all WHEN clauses.
Record 7: Discarded - failed all WHEN clauses.
Record 8: Discarded - failed all WHEN clauses.
Record 9: Discarded - failed all WHEN clauses.
Record 10: Discarded - failed all WHEN clauses.

Table LOAD3:
  4 Rows successfully loaded.
  0 Rows not loaded due to data errors.
  8 Rows not loaded because all WHEN clauses were failed.
  0 Rows not loaded because all fields were null.


Space allocated for bind array:                  49536 bytes(64 rows)
Read   buffer bytes: 1048576

Total logical records skipped:          0
Total logical records read:            12
Total logical records rejected:         0
Total logical records discarded:        8

Run began on Mon Dec 27 23:46:24 2021
Run ended on Mon Dec 27 23:46:25 2021

Elapsed time was:     00:00:00.68
CPU time was:         00:00:00.06